[debug] [2020-12-26T11:29:23.739Z] ----------------------------------------------------------------------
[debug] [2020-12-26T11:29:23.770Z] Command:       C:\Program Files\nodejs\node.exe C:\Users\shiva\AppData\Roaming\npm\node_modules\firebase-tools\lib\bin\firebase.js emulators:start
[debug] [2020-12-26T11:29:23.771Z] CLI Version:   9.0.1
[debug] [2020-12-26T11:29:23.771Z] Platform:      win32
[debug] [2020-12-26T11:29:23.772Z] Node Version:  v14.15.1
[debug] [2020-12-26T11:29:23.961Z] Time:          Sat Dec 26 2020 16:59:23 GMT+0530 (India Standard Time)
[debug] [2020-12-26T11:29:23.962Z] ----------------------------------------------------------------------
[debug] [2020-12-26T11:29:23.962Z] 
[debug] [2020-12-26T11:29:24.150Z] > command requires scopes: ["email","openid","https://www.googleapis.com/auth/cloudplatformprojects.readonly","https://www.googleapis.com/auth/firebase","https://www.googleapis.com/auth/cloud-platform"]
[debug] [2020-12-26T11:29:24.151Z] > authorizing via signed-in user
[info] i  emulators: Starting emulators: functions, hosting {"metadata":{"emulator":{"name":"hub"},"message":"Starting emulators: functions, hosting"}}
[debug] [2020-12-26T11:29:24.222Z] [hub] writing locator at C:\Users\shiva\AppData\Local\Temp\hub-ecommerce-webapplication-d2a66.json
[warn] !  functions: The following emulators are not running, calls to these services from the Functions emulator will affect production: auth, firestore, database, pubsub {"metadata":{"emulator":{"name":"functions"},"message":"The following emulators are not running, calls to these services from the Functions emulator will affect production: \u001b[1mauth, firestore, database, pubsub\u001b[22m"}}
[warn] !  Your requested "node" version "12" doesn't match your global version "14" {"metadata":{"emulator":{"name":"functions"},"message":"Your requested \"node\" version \"12\" doesn't match your global version \"14\""}}
[debug] [2020-12-26T11:29:24.930Z] defaultcredentials: writing to file C:\Users\shiva\AppData\Roaming\firebase\rai213755_gmail_com_application_default_credentials.json
[debug] [2020-12-26T11:29:25.060Z] Setting GAC to C:\Users\shiva\AppData\Roaming\firebase\rai213755_gmail_com_application_default_credentials.json {"metadata":{"emulator":{"name":"functions"},"message":"Setting GAC to C:\\Users\\shiva\\AppData\\Roaming\\firebase\\rai213755_gmail_com_application_default_credentials.json"}}
[debug] [2020-12-26T11:29:25.104Z] > refreshing access token with scopes: ["email","https://www.googleapis.com/auth/cloud-platform","https://www.googleapis.com/auth/cloudplatformprojects.readonly","https://www.googleapis.com/auth/firebase","openid"]
[debug] [2020-12-26T11:29:25.105Z] >>> HTTP REQUEST POST https://www.googleapis.com/oauth2/v3/token  
 <request body omitted>
[debug] [2020-12-26T11:29:25.879Z] <<< HTTP RESPONSE 200 {"date":"Sat, 26 Dec 2020 11:29:25 GMT","expires":"Mon, 01 Jan 1990 00:00:00 GMT","pragma":"no-cache","cache-control":"no-cache, no-store, max-age=0, must-revalidate","content-type":"application/json; charset=utf-8","vary":"X-Origin, Referer, Origin,Accept-Encoding","server":"scaffolding on HTTPServer2","x-xss-protection":"0","x-frame-options":"SAMEORIGIN","x-content-type-options":"nosniff","alt-svc":"h3-29=\":443\"; ma=2592000,h3-T051=\":443\"; ma=2592000,h3-Q050=\":443\"; ma=2592000,h3-Q046=\":443\"; ma=2592000,h3-Q043=\":443\"; ma=2592000,quic=\":443\"; ma=2592000; v=\"46,43\"","accept-ranges":"none","transfer-encoding":"chunked"}
[debug] [2020-12-26T11:29:25.975Z] >>> HTTP REQUEST GET https://firebase.googleapis.com/v1beta1/projects/ecommerce-webapplication-d2a66/webApps/-/config  
 
[debug] [2020-12-26T11:29:27.537Z] <<< HTTP RESPONSE 200 {"content-type":"application/json; charset=UTF-8","vary":"X-Origin, Referer, Origin,Accept-Encoding","date":"Sat, 26 Dec 2020 11:29:27 GMT","server":"ESF","cache-control":"private","x-xss-protection":"0","x-frame-options":"SAMEORIGIN","x-content-type-options":"nosniff","alt-svc":"h3-29=\":443\"; ma=2592000,h3-T051=\":443\"; ma=2592000,h3-Q050=\":443\"; ma=2592000,h3-Q046=\":443\"; ma=2592000,h3-Q043=\":443\"; ma=2592000,quic=\":443\"; ma=2592000; v=\"46,43\"","accept-ranges":"none","transfer-encoding":"chunked"}
[info] i  hosting: Serving hosting files from: build {"metadata":{"emulator":{"name":"hosting"},"message":"Serving hosting files from: \u001b[1mbuild\u001b[22m"}}
[info] +  hosting: Local server: http://localhost:5000 {"metadata":{"emulator":{"name":"hosting"},"message":"Local server: \u001b[4m\u001b[1mhttp://localhost:5000\u001b[22m\u001b[24m"}}
[debug] [2020-12-26T11:29:28.370Z] Ignoring unsupported arg: auto_download {"metadata":{"emulator":{"name":"ui"},"message":"Ignoring unsupported arg: auto_download"}}
[debug] [2020-12-26T11:29:28.370Z] Ignoring unsupported arg: port {"metadata":{"emulator":{"name":"ui"},"message":"Ignoring unsupported arg: port"}}
[debug] [2020-12-26T11:29:28.370Z] Starting Emulator UI with command {"binary":"node","args":["C:\\Users\\shiva\\.cache\\firebase\\emulators\\ui-v1.4.0\\server.bundle.js"],"optionalArgs":[],"joinArgs":false} {"metadata":{"emulator":{"name":"ui"},"message":"Starting Emulator UI with command {\"binary\":\"node\",\"args\":[\"C:\\\\Users\\\\shiva\\\\.cache\\\\firebase\\\\emulators\\\\ui-v1.4.0\\\\server.bundle.js\"],\"optionalArgs\":[],\"joinArgs\":false}"}}
[info] i  ui: Emulator UI logging to ui-debug.log {"metadata":{"emulator":{"name":"ui"},"message":"Emulator UI logging to \u001b[1mui-debug.log\u001b[22m"}}
[debug] [2020-12-26T11:29:29.705Z] Web / API server started at http://localhost:4000
 {"metadata":{"emulator":{"name":"ui"},"message":"Web / API server started at http://localhost:4000\n"}}
[info] i  functions: Watching "C:\Users\shiva\Desktop\eshoppers\functions" for Cloud Functions... {"metadata":{"emulator":{"name":"functions"},"message":"Watching \"C:\\Users\\shiva\\Desktop\\eshoppers\\functions\" for Cloud Functions..."}}
[debug] [2020-12-26T11:29:30.186Z] [worker-pool] addWorker(~diagnostic~) {"metadata":{"emulator":{"name":"functions"},"message":"[worker-pool] addWorker(~diagnostic~)"}}
[debug] [2020-12-26T11:29:30.187Z] [worker-pool] Adding worker with key ~diagnostic~, total=1 {"metadata":{"emulator":{"name":"functions"},"message":"[worker-pool] Adding worker with key ~diagnostic~, total=1"}}
[debug] [2020-12-26T11:29:30.187Z] [worker-pool] submitWork(triggerId=) {"metadata":{"emulator":{"name":"functions"},"message":"[worker-pool] submitWork(triggerId=)"}}
[debug] [2020-12-26T11:29:30.188Z] [worker-~diagnostic~-6eb53f65-5f8b-4ab9-b272-6f52e3097445]: Assigning socketPath: \\?\pipe\C:\Users\shiva\Desktop\eshoppers\functions\11800 {"metadata":{"emulator":{"name":"functions"},"message":"[worker-~diagnostic~-6eb53f65-5f8b-4ab9-b272-6f52e3097445]: Assigning socketPath: \\\\?\\pipe\\C:\\Users\\shiva\\Desktop\\eshoppers\\functions\\11800"}}
[debug] [2020-12-26T11:29:30.188Z] [worker-~diagnostic~-6eb53f65-5f8b-4ab9-b272-6f52e3097445]: BUSY {"metadata":{"emulator":{"name":"functions"},"message":"[worker-~diagnostic~-6eb53f65-5f8b-4ab9-b272-6f52e3097445]: BUSY"}}
[debug] [2020-12-26T11:29:31.341Z] [runtime-status] [11800] Functions runtime initialized. {"cwd":"C:\\Users\\shiva\\Desktop\\eshoppers\\functions","node_version":"14.15.1"} {"metadata":{"emulator":{"name":"functions"},"message":"[runtime-status] [11800] Functions runtime initialized. {\"cwd\":\"C:\\\\Users\\\\shiva\\\\Desktop\\\\eshoppers\\\\functions\",\"node_version\":\"14.15.1\"}"}}
[debug] [2020-12-26T11:29:31.345Z] [runtime-status] [11800] Disabled runtime features: undefined {"metadata":{"emulator":{"name":"functions"},"message":"[runtime-status] [11800] Disabled runtime features: undefined"}}
[debug] [2020-12-26T11:29:31.531Z] [runtime-status] [11800] Resolved module firebase-admin {"declared":true,"installed":true,"version":"9.4.2","resolution":"C:\\Users\\shiva\\Desktop\\eshoppers\\functions\\node_modules\\firebase-admin\\lib\\index.js"} {"metadata":{"emulator":{"name":"functions"},"message":"[runtime-status] [11800] Resolved module firebase-admin {\"declared\":true,\"installed\":true,\"version\":\"9.4.2\",\"resolution\":\"C:\\\\Users\\\\shiva\\\\Desktop\\\\eshoppers\\\\functions\\\\node_modules\\\\firebase-admin\\\\lib\\\\index.js\"}"}}
[debug] [2020-12-26T11:29:31.696Z] [runtime-status] [11800] Resolved module firebase-functions {"declared":true,"installed":true,"version":"3.13.0","resolution":"C:\\Users\\shiva\\Desktop\\eshoppers\\functions\\node_modules\\firebase-functions\\lib\\index.js"} {"metadata":{"emulator":{"name":"functions"},"message":"[runtime-status] [11800] Resolved module firebase-functions {\"declared\":true,\"installed\":true,\"version\":\"3.13.0\",\"resolution\":\"C:\\\\Users\\\\shiva\\\\Desktop\\\\eshoppers\\\\functions\\\\node_modules\\\\firebase-functions\\\\lib\\\\index.js\"}"}}
[debug] [2020-12-26T11:29:31.698Z] [runtime-status] [11800] Resolved module firebase-functions {"declared":true,"installed":true,"version":"3.13.0","resolution":"C:\\Users\\shiva\\Desktop\\eshoppers\\functions\\node_modules\\firebase-functions\\lib\\index.js"} {"metadata":{"emulator":{"name":"functions"},"message":"[runtime-status] [11800] Resolved module firebase-functions {\"declared\":true,\"installed\":true,\"version\":\"3.13.0\",\"resolution\":\"C:\\\\Users\\\\shiva\\\\Desktop\\\\eshoppers\\\\functions\\\\node_modules\\\\firebase-functions\\\\lib\\\\index.js\"}"}}
[debug] [2020-12-26T11:29:31.699Z] [runtime-status] [11800] Outgoing network have been stubbed. [{"name":"http","status":"mocked"},{"name":"http","status":"mocked"},{"name":"https","status":"mocked"},{"name":"https","status":"mocked"},{"name":"net","status":"mocked"}] {"metadata":{"emulator":{"name":"functions"},"message":"[runtime-status] [11800] Outgoing network have been stubbed. [{\"name\":\"http\",\"status\":\"mocked\"},{\"name\":\"http\",\"status\":\"mocked\"},{\"name\":\"https\",\"status\":\"mocked\"},{\"name\":\"https\",\"status\":\"mocked\"},{\"name\":\"net\",\"status\":\"mocked\"}]"}}
[debug] [2020-12-26T11:29:31.700Z] [runtime-status] [11800] Resolved module firebase-functions {"declared":true,"installed":true,"version":"3.13.0","resolution":"C:\\Users\\shiva\\Desktop\\eshoppers\\functions\\node_modules\\firebase-functions\\lib\\index.js"} {"metadata":{"emulator":{"name":"functions"},"message":"[runtime-status] [11800] Resolved module firebase-functions {\"declared\":true,\"installed\":true,\"version\":\"3.13.0\",\"resolution\":\"C:\\\\Users\\\\shiva\\\\Desktop\\\\eshoppers\\\\functions\\\\node_modules\\\\firebase-functions\\\\lib\\\\index.js\"}"}}
[debug] [2020-12-26T11:29:39.437Z] [runtime-status] [11800] Checked functions.config() {"config":{}} {"metadata":{"emulator":{"name":"functions"},"message":"[runtime-status] [11800] Checked functions.config() {\"config\":{}}"}}
[debug] [2020-12-26T11:29:39.438Z] [runtime-status] [11800] firebase-functions has been stubbed. {"functionsResolution":{"declared":true,"installed":true,"version":"3.13.0","resolution":"C:\\Users\\shiva\\Desktop\\eshoppers\\functions\\node_modules\\firebase-functions\\lib\\index.js"}} {"metadata":{"emulator":{"name":"functions"},"message":"[runtime-status] [11800] firebase-functions has been stubbed. {\"functionsResolution\":{\"declared\":true,\"installed\":true,\"version\":\"3.13.0\",\"resolution\":\"C:\\\\Users\\\\shiva\\\\Desktop\\\\eshoppers\\\\functions\\\\node_modules\\\\firebase-functions\\\\lib\\\\index.js\"}}"}}
[debug] [2020-12-26T11:29:39.438Z] [runtime-status] [11800] Resolved module firebase-functions {"declared":true,"installed":true,"version":"3.13.0","resolution":"C:\\Users\\shiva\\Desktop\\eshoppers\\functions\\node_modules\\firebase-functions\\lib\\index.js"} {"metadata":{"emulator":{"name":"functions"},"message":"[runtime-status] [11800] Resolved module firebase-functions {\"declared\":true,\"installed\":true,\"version\":\"3.13.0\",\"resolution\":\"C:\\\\Users\\\\shiva\\\\Desktop\\\\eshoppers\\\\functions\\\\node_modules\\\\firebase-functions\\\\lib\\\\index.js\"}"}}
[debug] [2020-12-26T11:29:39.441Z] [runtime-status] [11800] Resolved module firebase-admin {"declared":true,"installed":true,"version":"9.4.2","resolution":"C:\\Users\\shiva\\Desktop\\eshoppers\\functions\\node_modules\\firebase-admin\\lib\\index.js"} {"metadata":{"emulator":{"name":"functions"},"message":"[runtime-status] [11800] Resolved module firebase-admin {\"declared\":true,\"installed\":true,\"version\":\"9.4.2\",\"resolution\":\"C:\\\\Users\\\\shiva\\\\Desktop\\\\eshoppers\\\\functions\\\\node_modules\\\\firebase-admin\\\\lib\\\\index.js\"}"}}
[debug] [2020-12-26T11:29:39.444Z] [runtime-status] [11800] Resolved module firebase-functions {"declared":true,"installed":true,"version":"3.13.0","resolution":"C:\\Users\\shiva\\Desktop\\eshoppers\\functions\\node_modules\\firebase-functions\\lib\\index.js"} {"metadata":{"emulator":{"name":"functions"},"message":"[runtime-status] [11800] Resolved module firebase-functions {\"declared\":true,\"installed\":true,\"version\":\"3.13.0\",\"resolution\":\"C:\\\\Users\\\\shiva\\\\Desktop\\\\eshoppers\\\\functions\\\\node_modules\\\\firebase-functions\\\\lib\\\\index.js\"}"}}
[debug] [2020-12-26T11:29:39.445Z] [runtime-status] [11800] firebase-admin has been stubbed. {"adminResolution":{"declared":true,"installed":true,"version":"9.4.2","resolution":"C:\\Users\\shiva\\Desktop\\eshoppers\\functions\\node_modules\\firebase-admin\\lib\\index.js"}} {"metadata":{"emulator":{"name":"functions"},"message":"[runtime-status] [11800] firebase-admin has been stubbed. {\"adminResolution\":{\"declared\":true,\"installed\":true,\"version\":\"9.4.2\",\"resolution\":\"C:\\\\Users\\\\shiva\\\\Desktop\\\\eshoppers\\\\functions\\\\node_modules\\\\firebase-admin\\\\lib\\\\index.js\"}}"}}
[info] +  functions[api]: http function initialized (http://localhost:5001/ecommerce-webapplication-d2a66/us-central1/api). {"metadata":{"emulator":{"name":"functions"},"message":"\u001b[1mhttp\u001b[22m function initialized (http://localhost:5001/ecommerce-webapplication-d2a66/us-central1/api)."}}
[info] 
┌─────────────────────────────────────────────────────────────┐
│ ✔  All emulators ready! It is now safe to connect your app. │
│ i  View Emulator UI at http://localhost:4000                │
└─────────────────────────────────────────────────────────────┘

┌───────────┬────────────────┬─────────────────────────────────┐
│ Emulator  │ Host:Port      │ View in Emulator UI             │
├───────────┼────────────────┼─────────────────────────────────┤
│ Functions │ localhost:5001 │ http://localhost:4000/functions │
├───────────┼────────────────┼─────────────────────────────────┤
│ Hosting   │ localhost:5000 │ n/a                             │
└───────────┴────────────────┴─────────────────────────────────┘
  Emulator Hub running at localhost:4400
  Other reserved ports: 4500

Issues? Report them at https://github.com/firebase/firebase-tools/issues and attach the *-debug.log files.
 
[debug] [2020-12-26T11:29:53.377Z] [worker-~diagnostic~-6eb53f65-5f8b-4ab9-b272-6f52e3097445]: IDLE {"metadata":{"emulator":{"name":"functions"},"message":"[worker-~diagnostic~-6eb53f65-5f8b-4ab9-b272-6f52e3097445]: IDLE"}}
[debug] [2020-12-26T11:56:50.390Z] [work-queue] {"queueLength":1,"workRunningCount":0}
[debug] [2020-12-26T11:56:50.393Z] [work-queue] {"queueLength":0,"workRunningCount":1}
[debug] [2020-12-26T11:56:50.395Z] Accepted request POST /ecommerce-webapplication-d2a66/us-central1/api/payments/create?total=1400000 --> api
[debug] [2020-12-26T11:56:51.286Z] [worker-pool] addWorker(api) {"metadata":{"emulator":{"name":"functions"},"message":"[worker-pool] addWorker(api)"}}
[debug] [2020-12-26T11:56:51.286Z] [worker-pool] Adding worker with key api, total=1 {"metadata":{"emulator":{"name":"functions"},"message":"[worker-pool] Adding worker with key api, total=1"}}
[debug] [2020-12-26T11:56:51.287Z] [worker-pool] submitWork(triggerId=api) {"metadata":{"emulator":{"name":"functions"},"message":"[worker-pool] submitWork(triggerId=api)"}}
[debug] [2020-12-26T11:56:51.287Z] [worker-api-2a802cf2-d57f-4d39-aaae-2f1f1cbaad08]: Assigning socketPath: \\?\pipe\C:\Users\shiva\Desktop\eshoppers\functions\11584 {"metadata":{"emulator":{"name":"functions"},"message":"[worker-api-2a802cf2-d57f-4d39-aaae-2f1f1cbaad08]: Assigning socketPath: \\\\?\\pipe\\C:\\Users\\shiva\\Desktop\\eshoppers\\functions\\11584"}}
[debug] [2020-12-26T11:56:51.287Z] [worker-api-2a802cf2-d57f-4d39-aaae-2f1f1cbaad08]: BUSY {"metadata":{"emulator":{"name":"functions"},"message":"[worker-api-2a802cf2-d57f-4d39-aaae-2f1f1cbaad08]: BUSY"}}
[debug] [2020-12-26T11:56:59.350Z] [runtime-status] [11584] Functions runtime initialized. {"cwd":"C:\\Users\\shiva\\Desktop\\eshoppers\\functions","node_version":"14.15.1"} {"metadata":{"emulator":{"name":"functions"},"function":{"name":"api"},"message":"[runtime-status] [11584] Functions runtime initialized. {\"cwd\":\"C:\\\\Users\\\\shiva\\\\Desktop\\\\eshoppers\\\\functions\",\"node_version\":\"14.15.1\"}"}}
[debug] [2020-12-26T11:56:59.356Z] [runtime-status] [11584] Disabled runtime features: undefined {"metadata":{"emulator":{"name":"functions"},"function":{"name":"api"},"message":"[runtime-status] [11584] Disabled runtime features: undefined"}}
[debug] [2020-12-26T11:56:59.547Z] [runtime-status] [11584] Resolved module firebase-admin {"declared":true,"installed":true,"version":"9.4.2","resolution":"C:\\Users\\shiva\\Desktop\\eshoppers\\functions\\node_modules\\firebase-admin\\lib\\index.js"} {"metadata":{"emulator":{"name":"functions"},"function":{"name":"api"},"message":"[runtime-status] [11584] Resolved module firebase-admin {\"declared\":true,\"installed\":true,\"version\":\"9.4.2\",\"resolution\":\"C:\\\\Users\\\\shiva\\\\Desktop\\\\eshoppers\\\\functions\\\\node_modules\\\\firebase-admin\\\\lib\\\\index.js\"}"}}
[debug] [2020-12-26T11:56:59.639Z] [runtime-status] [11584] Resolved module firebase-functions {"declared":true,"installed":true,"version":"3.13.0","resolution":"C:\\Users\\shiva\\Desktop\\eshoppers\\functions\\node_modules\\firebase-functions\\lib\\index.js"} {"metadata":{"emulator":{"name":"functions"},"function":{"name":"api"},"message":"[runtime-status] [11584] Resolved module firebase-functions {\"declared\":true,\"installed\":true,\"version\":\"3.13.0\",\"resolution\":\"C:\\\\Users\\\\shiva\\\\Desktop\\\\eshoppers\\\\functions\\\\node_modules\\\\firebase-functions\\\\lib\\\\index.js\"}"}}
[debug] [2020-12-26T11:56:59.643Z] [runtime-status] [11584] Resolved module firebase-functions {"declared":true,"installed":true,"version":"3.13.0","resolution":"C:\\Users\\shiva\\Desktop\\eshoppers\\functions\\node_modules\\firebase-functions\\lib\\index.js"} {"metadata":{"emulator":{"name":"functions"},"function":{"name":"api"},"message":"[runtime-status] [11584] Resolved module firebase-functions {\"declared\":true,\"installed\":true,\"version\":\"3.13.0\",\"resolution\":\"C:\\\\Users\\\\shiva\\\\Desktop\\\\eshoppers\\\\functions\\\\node_modules\\\\firebase-functions\\\\lib\\\\index.js\"}"}}
[debug] [2020-12-26T11:56:59.646Z] [runtime-status] [11584] Outgoing network have been stubbed. [{"name":"http","status":"mocked"},{"name":"http","status":"mocked"},{"name":"https","status":"mocked"},{"name":"https","status":"mocked"},{"name":"net","status":"mocked"}] {"metadata":{"emulator":{"name":"functions"},"function":{"name":"api"},"message":"[runtime-status] [11584] Outgoing network have been stubbed. [{\"name\":\"http\",\"status\":\"mocked\"},{\"name\":\"http\",\"status\":\"mocked\"},{\"name\":\"https\",\"status\":\"mocked\"},{\"name\":\"https\",\"status\":\"mocked\"},{\"name\":\"net\",\"status\":\"mocked\"}]"}}
[debug] [2020-12-26T11:56:59.647Z] [runtime-status] [11584] Resolved module firebase-functions {"declared":true,"installed":true,"version":"3.13.0","resolution":"C:\\Users\\shiva\\Desktop\\eshoppers\\functions\\node_modules\\firebase-functions\\lib\\index.js"} {"metadata":{"emulator":{"name":"functions"},"function":{"name":"api"},"message":"[runtime-status] [11584] Resolved module firebase-functions {\"declared\":true,\"installed\":true,\"version\":\"3.13.0\",\"resolution\":\"C:\\\\Users\\\\shiva\\\\Desktop\\\\eshoppers\\\\functions\\\\node_modules\\\\firebase-functions\\\\lib\\\\index.js\"}"}}
[debug] [2020-12-26T11:57:01.094Z] [runtime-status] [11584] Checked functions.config() {"config":{}} {"metadata":{"emulator":{"name":"functions"},"function":{"name":"api"},"message":"[runtime-status] [11584] Checked functions.config() {\"config\":{}}"}}
[debug] [2020-12-26T11:57:01.094Z] [runtime-status] [11584] firebase-functions has been stubbed. {"functionsResolution":{"declared":true,"installed":true,"version":"3.13.0","resolution":"C:\\Users\\shiva\\Desktop\\eshoppers\\functions\\node_modules\\firebase-functions\\lib\\index.js"}} {"metadata":{"emulator":{"name":"functions"},"function":{"name":"api"},"message":"[runtime-status] [11584] firebase-functions has been stubbed. {\"functionsResolution\":{\"declared\":true,\"installed\":true,\"version\":\"3.13.0\",\"resolution\":\"C:\\\\Users\\\\shiva\\\\Desktop\\\\eshoppers\\\\functions\\\\node_modules\\\\firebase-functions\\\\lib\\\\index.js\"}}"}}
[debug] [2020-12-26T11:57:01.095Z] [runtime-status] [11584] Resolved module firebase-functions {"declared":true,"installed":true,"version":"3.13.0","resolution":"C:\\Users\\shiva\\Desktop\\eshoppers\\functions\\node_modules\\firebase-functions\\lib\\index.js"} {"metadata":{"emulator":{"name":"functions"},"function":{"name":"api"},"message":"[runtime-status] [11584] Resolved module firebase-functions {\"declared\":true,\"installed\":true,\"version\":\"3.13.0\",\"resolution\":\"C:\\\\Users\\\\shiva\\\\Desktop\\\\eshoppers\\\\functions\\\\node_modules\\\\firebase-functions\\\\lib\\\\index.js\"}"}}
[debug] [2020-12-26T11:57:01.097Z] [runtime-status] [11584] Resolved module firebase-admin {"declared":true,"installed":true,"version":"9.4.2","resolution":"C:\\Users\\shiva\\Desktop\\eshoppers\\functions\\node_modules\\firebase-admin\\lib\\index.js"} {"metadata":{"emulator":{"name":"functions"},"function":{"name":"api"},"message":"[runtime-status] [11584] Resolved module firebase-admin {\"declared\":true,\"installed\":true,\"version\":\"9.4.2\",\"resolution\":\"C:\\\\Users\\\\shiva\\\\Desktop\\\\eshoppers\\\\functions\\\\node_modules\\\\firebase-admin\\\\lib\\\\index.js\"}"}}
[debug] [2020-12-26T11:57:01.104Z] [runtime-status] [11584] Resolved module firebase-functions {"declared":true,"installed":true,"version":"3.13.0","resolution":"C:\\Users\\shiva\\Desktop\\eshoppers\\functions\\node_modules\\firebase-functions\\lib\\index.js"} {"metadata":{"emulator":{"name":"functions"},"function":{"name":"api"},"message":"[runtime-status] [11584] Resolved module firebase-functions {\"declared\":true,\"installed\":true,\"version\":\"3.13.0\",\"resolution\":\"C:\\\\Users\\\\shiva\\\\Desktop\\\\eshoppers\\\\functions\\\\node_modules\\\\firebase-functions\\\\lib\\\\index.js\"}"}}
[debug] [2020-12-26T11:57:01.104Z] [runtime-status] [11584] firebase-admin has been stubbed. {"adminResolution":{"declared":true,"installed":true,"version":"9.4.2","resolution":"C:\\Users\\shiva\\Desktop\\eshoppers\\functions\\node_modules\\firebase-admin\\lib\\index.js"}} {"metadata":{"emulator":{"name":"functions"},"function":{"name":"api"},"message":"[runtime-status] [11584] firebase-admin has been stubbed. {\"adminResolution\":{\"declared\":true,\"installed\":true,\"version\":\"9.4.2\",\"resolution\":\"C:\\\\Users\\\\shiva\\\\Desktop\\\\eshoppers\\\\functions\\\\node_modules\\\\firebase-admin\\\\lib\\\\index.js\"}}"}}
[debug] [2020-12-26T11:57:10.017Z] [work-queue] {"queueLength":1,"workRunningCount":1}
[debug] [2020-12-26T11:57:10.018Z] [work-queue] {"queueLength":0,"workRunningCount":2}
[debug] [2020-12-26T11:57:10.018Z] Accepted request POST /ecommerce-webapplication-d2a66/us-central1/api/payments/create?total=1400000 --> api
[debug] [2020-12-26T11:57:10.122Z] [worker-pool] addWorker(api) {"metadata":{"emulator":{"name":"functions"},"message":"[worker-pool] addWorker(api)"}}
[debug] [2020-12-26T11:57:10.122Z] [worker-pool] Adding worker with key api, total=2 {"metadata":{"emulator":{"name":"functions"},"message":"[worker-pool] Adding worker with key api, total=2"}}
[debug] [2020-12-26T11:57:10.122Z] [worker-pool] submitWork(triggerId=api) {"metadata":{"emulator":{"name":"functions"},"message":"[worker-pool] submitWork(triggerId=api)"}}
[debug] [2020-12-26T11:57:10.123Z] [worker-api-ae845d36-329f-4352-a5d8-80240cd71410]: Assigning socketPath: \\?\pipe\C:\Users\shiva\Desktop\eshoppers\functions\6052 {"metadata":{"emulator":{"name":"functions"},"message":"[worker-api-ae845d36-329f-4352-a5d8-80240cd71410]: Assigning socketPath: \\\\?\\pipe\\C:\\Users\\shiva\\Desktop\\eshoppers\\functions\\6052"}}
[debug] [2020-12-26T11:57:10.123Z] [worker-api-ae845d36-329f-4352-a5d8-80240cd71410]: BUSY {"metadata":{"emulator":{"name":"functions"},"message":"[worker-api-ae845d36-329f-4352-a5d8-80240cd71410]: BUSY"}}
[debug] [2020-12-26T11:57:10.744Z] [runtime-status] [6052] Functions runtime initialized. {"cwd":"C:\\Users\\shiva\\Desktop\\eshoppers\\functions","node_version":"14.15.1"} {"metadata":{"emulator":{"name":"functions"},"function":{"name":"api"},"message":"[runtime-status] [6052] Functions runtime initialized. {\"cwd\":\"C:\\\\Users\\\\shiva\\\\Desktop\\\\eshoppers\\\\functions\",\"node_version\":\"14.15.1\"}"}}
[debug] [2020-12-26T11:57:10.751Z] [runtime-status] [6052] Disabled runtime features: undefined {"metadata":{"emulator":{"name":"functions"},"function":{"name":"api"},"message":"[runtime-status] [6052] Disabled runtime features: undefined"}}
[debug] [2020-12-26T11:57:10.759Z] [runtime-status] [6052] Resolved module firebase-admin {"declared":true,"installed":true,"version":"9.4.2","resolution":"C:\\Users\\shiva\\Desktop\\eshoppers\\functions\\node_modules\\firebase-admin\\lib\\index.js"} {"metadata":{"emulator":{"name":"functions"},"function":{"name":"api"},"message":"[runtime-status] [6052] Resolved module firebase-admin {\"declared\":true,\"installed\":true,\"version\":\"9.4.2\",\"resolution\":\"C:\\\\Users\\\\shiva\\\\Desktop\\\\eshoppers\\\\functions\\\\node_modules\\\\firebase-admin\\\\lib\\\\index.js\"}"}}
[debug] [2020-12-26T11:57:10.764Z] [runtime-status] [6052] Resolved module firebase-functions {"declared":true,"installed":true,"version":"3.13.0","resolution":"C:\\Users\\shiva\\Desktop\\eshoppers\\functions\\node_modules\\firebase-functions\\lib\\index.js"} {"metadata":{"emulator":{"name":"functions"},"function":{"name":"api"},"message":"[runtime-status] [6052] Resolved module firebase-functions {\"declared\":true,\"installed\":true,\"version\":\"3.13.0\",\"resolution\":\"C:\\\\Users\\\\shiva\\\\Desktop\\\\eshoppers\\\\functions\\\\node_modules\\\\firebase-functions\\\\lib\\\\index.js\"}"}}
[debug] [2020-12-26T11:57:10.769Z] [runtime-status] [6052] Resolved module firebase-functions {"declared":true,"installed":true,"version":"3.13.0","resolution":"C:\\Users\\shiva\\Desktop\\eshoppers\\functions\\node_modules\\firebase-functions\\lib\\index.js"} {"metadata":{"emulator":{"name":"functions"},"function":{"name":"api"},"message":"[runtime-status] [6052] Resolved module firebase-functions {\"declared\":true,\"installed\":true,\"version\":\"3.13.0\",\"resolution\":\"C:\\\\Users\\\\shiva\\\\Desktop\\\\eshoppers\\\\functions\\\\node_modules\\\\firebase-functions\\\\lib\\\\index.js\"}"}}
[debug] [2020-12-26T11:57:10.773Z] [runtime-status] [6052] Outgoing network have been stubbed. [{"name":"http","status":"mocked"},{"name":"http","status":"mocked"},{"name":"https","status":"mocked"},{"name":"https","status":"mocked"},{"name":"net","status":"mocked"}] {"metadata":{"emulator":{"name":"functions"},"function":{"name":"api"},"message":"[runtime-status] [6052] Outgoing network have been stubbed. [{\"name\":\"http\",\"status\":\"mocked\"},{\"name\":\"http\",\"status\":\"mocked\"},{\"name\":\"https\",\"status\":\"mocked\"},{\"name\":\"https\",\"status\":\"mocked\"},{\"name\":\"net\",\"status\":\"mocked\"}]"}}
[debug] [2020-12-26T11:57:10.775Z] [runtime-status] [6052] Resolved module firebase-functions {"declared":true,"installed":true,"version":"3.13.0","resolution":"C:\\Users\\shiva\\Desktop\\eshoppers\\functions\\node_modules\\firebase-functions\\lib\\index.js"} {"metadata":{"emulator":{"name":"functions"},"function":{"name":"api"},"message":"[runtime-status] [6052] Resolved module firebase-functions {\"declared\":true,\"installed\":true,\"version\":\"3.13.0\",\"resolution\":\"C:\\\\Users\\\\shiva\\\\Desktop\\\\eshoppers\\\\functions\\\\node_modules\\\\firebase-functions\\\\lib\\\\index.js\"}"}}
[debug] [2020-12-26T11:57:10.935Z] [runtime-status] [6052] Checked functions.config() {"config":{}} {"metadata":{"emulator":{"name":"functions"},"function":{"name":"api"},"message":"[runtime-status] [6052] Checked functions.config() {\"config\":{}}"}}
[debug] [2020-12-26T11:57:10.936Z] [runtime-status] [6052] firebase-functions has been stubbed. {"functionsResolution":{"declared":true,"installed":true,"version":"3.13.0","resolution":"C:\\Users\\shiva\\Desktop\\eshoppers\\functions\\node_modules\\firebase-functions\\lib\\index.js"}} {"metadata":{"emulator":{"name":"functions"},"function":{"name":"api"},"message":"[runtime-status] [6052] firebase-functions has been stubbed. {\"functionsResolution\":{\"declared\":true,\"installed\":true,\"version\":\"3.13.0\",\"resolution\":\"C:\\\\Users\\\\shiva\\\\Desktop\\\\eshoppers\\\\functions\\\\node_modules\\\\firebase-functions\\\\lib\\\\index.js\"}}"}}
[debug] [2020-12-26T11:57:10.937Z] [runtime-status] [6052] Resolved module firebase-functions {"declared":true,"installed":true,"version":"3.13.0","resolution":"C:\\Users\\shiva\\Desktop\\eshoppers\\functions\\node_modules\\firebase-functions\\lib\\index.js"} {"metadata":{"emulator":{"name":"functions"},"function":{"name":"api"},"message":"[runtime-status] [6052] Resolved module firebase-functions {\"declared\":true,\"installed\":true,\"version\":\"3.13.0\",\"resolution\":\"C:\\\\Users\\\\shiva\\\\Desktop\\\\eshoppers\\\\functions\\\\node_modules\\\\firebase-functions\\\\lib\\\\index.js\"}"}}
[debug] [2020-12-26T11:57:10.941Z] [runtime-status] [6052] Resolved module firebase-admin {"declared":true,"installed":true,"version":"9.4.2","resolution":"C:\\Users\\shiva\\Desktop\\eshoppers\\functions\\node_modules\\firebase-admin\\lib\\index.js"} {"metadata":{"emulator":{"name":"functions"},"function":{"name":"api"},"message":"[runtime-status] [6052] Resolved module firebase-admin {\"declared\":true,\"installed\":true,\"version\":\"9.4.2\",\"resolution\":\"C:\\\\Users\\\\shiva\\\\Desktop\\\\eshoppers\\\\functions\\\\node_modules\\\\firebase-admin\\\\lib\\\\index.js\"}"}}
[debug] [2020-12-26T11:57:10.943Z] [runtime-status] [6052] Resolved module firebase-functions {"declared":true,"installed":true,"version":"3.13.0","resolution":"C:\\Users\\shiva\\Desktop\\eshoppers\\functions\\node_modules\\firebase-functions\\lib\\index.js"} {"metadata":{"emulator":{"name":"functions"},"function":{"name":"api"},"message":"[runtime-status] [6052] Resolved module firebase-functions {\"declared\":true,\"installed\":true,\"version\":\"3.13.0\",\"resolution\":\"C:\\\\Users\\\\shiva\\\\Desktop\\\\eshoppers\\\\functions\\\\node_modules\\\\firebase-functions\\\\lib\\\\index.js\"}"}}
[debug] [2020-12-26T11:57:10.944Z] [runtime-status] [6052] firebase-admin has been stubbed. {"adminResolution":{"declared":true,"installed":true,"version":"9.4.2","resolution":"C:\\Users\\shiva\\Desktop\\eshoppers\\functions\\node_modules\\firebase-admin\\lib\\index.js"}} {"metadata":{"emulator":{"name":"functions"},"function":{"name":"api"},"message":"[runtime-status] [6052] firebase-admin has been stubbed. {\"adminResolution\":{\"declared\":true,\"installed\":true,\"version\":\"9.4.2\",\"resolution\":\"C:\\\\Users\\\\shiva\\\\Desktop\\\\eshoppers\\\\functions\\\\node_modules\\\\firebase-admin\\\\lib\\\\index.js\"}}"}}
[debug] [2020-12-26T11:57:14.036Z] [runtime-status] [6052] Trigger "api" has been found, beginning invocation! {"metadata":{"emulator":{"name":"functions"},"function":{"name":"api"},"message":"[runtime-status] [6052] Trigger \"api\" has been found, beginning invocation!"}}
[debug] [2020-12-26T11:57:14.037Z] [runtime-status] [11584] Trigger "api" has been found, beginning invocation! {"metadata":{"emulator":{"name":"functions"},"function":{"name":"api"},"message":"[runtime-status] [11584] Trigger \"api\" has been found, beginning invocation!"}}
[info] i  functions: Beginning execution of "api" {"metadata":{"emulator":{"name":"functions"},"function":{"name":"api"},"message":"Beginning execution of \"api\""}}
[debug] [2020-12-26T11:57:14.040Z] [runtime-status] [11584] triggerDefinition {"httpsTrigger":{},"name":"api","entryPoint":"api"} {"metadata":{"emulator":{"name":"functions"},"function":{"name":"api"},"message":"[runtime-status] [11584] triggerDefinition {\"httpsTrigger\":{},\"name\":\"api\",\"entryPoint\":\"api\"}"}}
[debug] [2020-12-26T11:57:14.040Z] [runtime-status] [11584] Running api in mode HTTPS {"metadata":{"emulator":{"name":"functions"},"function":{"name":"api"},"message":"[runtime-status] [11584] Running api in mode HTTPS"}}
[info] i  functions: Beginning execution of "api" {"metadata":{"emulator":{"name":"functions"},"function":{"name":"api"},"message":"Beginning execution of \"api\""}}
[debug] [2020-12-26T11:57:14.042Z] [runtime-status] [6052] triggerDefinition {"httpsTrigger":{},"name":"api","entryPoint":"api"} {"metadata":{"emulator":{"name":"functions"},"function":{"name":"api"},"message":"[runtime-status] [6052] triggerDefinition {\"httpsTrigger\":{},\"name\":\"api\",\"entryPoint\":\"api\"}"}}
[debug] [2020-12-26T11:57:14.043Z] [runtime-status] [6052] Running api in mode HTTPS {"metadata":{"emulator":{"name":"functions"},"function":{"name":"api"},"message":"[runtime-status] [6052] Running api in mode HTTPS"}}
[debug] [2020-12-26T11:57:14.046Z] [runtime-status] [11584] Attempting to listen to socketPath: \\?\pipe\C:\Users\shiva\Desktop\eshoppers\functions\11584 {"metadata":{"emulator":{"name":"functions"},"function":{"name":"api"},"message":"[runtime-status] [11584] Attempting to listen to socketPath: \\\\?\\pipe\\C:\\Users\\shiva\\Desktop\\eshoppers\\functions\\11584"}}
[debug] [2020-12-26T11:57:14.048Z] [runtime-status] [6052] Attempting to listen to socketPath: \\?\pipe\C:\Users\shiva\Desktop\eshoppers\functions\6052 {"metadata":{"emulator":{"name":"functions"},"function":{"name":"api"},"message":"[runtime-status] [6052] Attempting to listen to socketPath: \\\\?\\pipe\\C:\\Users\\shiva\\Desktop\\eshoppers\\functions\\6052"}}
[debug] [2020-12-26T11:57:14.097Z] [functions] Runtime ready! Sending request! {"metadata":{"emulator":{"name":"functions"},"message":"[functions] Runtime ready! Sending request!"}}
[debug] [2020-12-26T11:57:14.107Z] [functions] Runtime ready! Sending request! {"metadata":{"emulator":{"name":"functions"},"message":"[functions] Runtime ready! Sending request!"}}
[debug] [2020-12-26T11:57:14.120Z] [runtime-status] [11584] Ephemeral server handling POST request {"metadata":{"emulator":{"name":"functions"},"function":{"name":"api"},"message":"[runtime-status] [11584] Ephemeral server handling POST request"}}
[debug] [2020-12-26T11:57:14.125Z] [runtime-status] [6052] Ephemeral server handling POST request {"metadata":{"emulator":{"name":"functions"},"function":{"name":"api"},"message":"[runtime-status] [6052] Ephemeral server handling POST request"}}
[info] >  Payment Request Recieved BOOM!!! for this amount >>>  1400000 {"user":"Payment Request Recieved BOOM!!! for this amount >>>  1400000","metadata":{"emulator":{"name":"functions"},"function":{"name":"api"},"message":"\u001b[90m> \u001b[39m Payment Request Recieved BOOM!!! for this amount >>>  1400000"}}
[info] >  Payment Request Recieved BOOM!!! for this amount >>>  1400000 {"user":"Payment Request Recieved BOOM!!! for this amount >>>  1400000","metadata":{"emulator":{"name":"functions"},"function":{"name":"api"},"message":"\u001b[90m> \u001b[39m Payment Request Recieved BOOM!!! for this amount >>>  1400000"}}
[debug] [2020-12-26T11:57:14.157Z] [runtime-status] [11584] Ephemeral server survived. {"metadata":{"emulator":{"name":"functions"},"function":{"name":"api"},"message":"[runtime-status] [11584] Ephemeral server survived."}}
[debug] [2020-12-26T11:57:14.158Z] [runtime-status] [6052] Ephemeral server survived. {"metadata":{"emulator":{"name":"functions"},"function":{"name":"api"},"message":"[runtime-status] [6052] Ephemeral server survived."}}
[info] i  functions: Finished "api" in ~1s {"metadata":{"emulator":{"name":"functions"},"function":{"name":"api"},"message":"Finished \"api\" in ~1s"}}
[debug] [2020-12-26T11:57:14.993Z] [worker-api-2a802cf2-d57f-4d39-aaae-2f1f1cbaad08]: IDLE {"metadata":{"emulator":{"name":"functions"},"message":"[worker-api-2a802cf2-d57f-4d39-aaae-2f1f1cbaad08]: IDLE"}}
[debug] [2020-12-26T11:57:14.993Z] [work-queue] {"queueLength":0,"workRunningCount":1}
[info] i  functions: Finished "api" in ~1s {"metadata":{"emulator":{"name":"functions"},"function":{"name":"api"},"message":"Finished \"api\" in ~1s"}}
[debug] [2020-12-26T11:57:14.995Z] [worker-api-ae845d36-329f-4352-a5d8-80240cd71410]: IDLE {"metadata":{"emulator":{"name":"functions"},"message":"[worker-api-ae845d36-329f-4352-a5d8-80240cd71410]: IDLE"}}
[debug] [2020-12-26T11:57:14.996Z] [work-queue] {"queueLength":0,"workRunningCount":0}
[debug] [2020-12-26T12:08:11.330Z] [work-queue] {"queueLength":1,"workRunningCount":0}
[debug] [2020-12-26T12:08:11.331Z] [work-queue] {"queueLength":0,"workRunningCount":1}
[debug] [2020-12-26T12:08:11.331Z] Accepted request POST /ecommerce-webapplication-d2a66/us-central1/api/payments/create?total=800000 --> api
[debug] [2020-12-26T12:08:11.331Z] [worker-pool] submitWork(triggerId=api) {"metadata":{"emulator":{"name":"functions"},"message":"[worker-pool] submitWork(triggerId=api)"}}
[debug] [2020-12-26T12:08:11.331Z] [worker-api-2a802cf2-d57f-4d39-aaae-2f1f1cbaad08]: Assigning socketPath: \\?\pipe\C:\Users\shiva\Desktop\eshoppers\functions\11584 {"metadata":{"emulator":{"name":"functions"},"message":"[worker-api-2a802cf2-d57f-4d39-aaae-2f1f1cbaad08]: Assigning socketPath: \\\\?\\pipe\\C:\\Users\\shiva\\Desktop\\eshoppers\\functions\\11584"}}
[debug] [2020-12-26T12:08:11.331Z] [worker-api-2a802cf2-d57f-4d39-aaae-2f1f1cbaad08]: BUSY {"metadata":{"emulator":{"name":"functions"},"message":"[worker-api-2a802cf2-d57f-4d39-aaae-2f1f1cbaad08]: BUSY"}}
[debug] [2020-12-26T12:08:11.332Z] [runtime-status] [11584] Trigger "api" has been found, beginning invocation! {"metadata":{"emulator":{"name":"functions"},"function":{"name":"api"},"message":"[runtime-status] [11584] Trigger \"api\" has been found, beginning invocation!"}}
[info] i  functions: Beginning execution of "api" {"metadata":{"emulator":{"name":"functions"},"function":{"name":"api"},"message":"Beginning execution of \"api\""}}
[debug] [2020-12-26T12:08:11.333Z] [runtime-status] [11584] triggerDefinition {"httpsTrigger":{},"name":"api","entryPoint":"api"} {"metadata":{"emulator":{"name":"functions"},"function":{"name":"api"},"message":"[runtime-status] [11584] triggerDefinition {\"httpsTrigger\":{},\"name\":\"api\",\"entryPoint\":\"api\"}"}}
[debug] [2020-12-26T12:08:11.334Z] [runtime-status] [11584] Running api in mode HTTPS {"metadata":{"emulator":{"name":"functions"},"function":{"name":"api"},"message":"[runtime-status] [11584] Running api in mode HTTPS"}}
[debug] [2020-12-26T12:08:11.334Z] [runtime-status] [11584] Attempting to listen to socketPath: \\?\pipe\C:\Users\shiva\Desktop\eshoppers\functions\11584 {"metadata":{"emulator":{"name":"functions"},"function":{"name":"api"},"message":"[runtime-status] [11584] Attempting to listen to socketPath: \\\\?\\pipe\\C:\\Users\\shiva\\Desktop\\eshoppers\\functions\\11584"}}
[debug] [2020-12-26T12:08:11.335Z] [functions] Runtime ready! Sending request! {"metadata":{"emulator":{"name":"functions"},"message":"[functions] Runtime ready! Sending request!"}}
[debug] [2020-12-26T12:08:11.340Z] [runtime-status] [11584] Ephemeral server handling POST request {"metadata":{"emulator":{"name":"functions"},"function":{"name":"api"},"message":"[runtime-status] [11584] Ephemeral server handling POST request"}}
[info] >  Payment Request Recieved BOOM!!! for this amount >>>  800000 {"user":"Payment Request Recieved BOOM!!! for this amount >>>  800000","metadata":{"emulator":{"name":"functions"},"function":{"name":"api"},"message":"\u001b[90m> \u001b[39m Payment Request Recieved BOOM!!! for this amount >>>  800000"}}
[debug] [2020-12-26T12:08:11.344Z] [runtime-status] [11584] Ephemeral server survived. {"metadata":{"emulator":{"name":"functions"},"function":{"name":"api"},"message":"[runtime-status] [11584] Ephemeral server survived."}}
[info] i  functions: Finished "api" in ~1s {"metadata":{"emulator":{"name":"functions"},"function":{"name":"api"},"message":"Finished \"api\" in ~1s"}}
[debug] [2020-12-26T12:08:11.885Z] [worker-api-2a802cf2-d57f-4d39-aaae-2f1f1cbaad08]: IDLE {"metadata":{"emulator":{"name":"functions"},"message":"[worker-api-2a802cf2-d57f-4d39-aaae-2f1f1cbaad08]: IDLE"}}
[debug] [2020-12-26T12:08:11.886Z] [work-queue] {"queueLength":0,"workRunningCount":0}
[debug] [2020-12-26T12:19:21.074Z] [work-queue] {"queueLength":1,"workRunningCount":0}
[debug] [2020-12-26T12:19:21.226Z] [work-queue] {"queueLength":0,"workRunningCount":1}
[debug] [2020-12-26T12:19:21.226Z] Accepted request POST /ecommerce-webapplication-d2a66/us-central1/api/payments/create?total=0 --> api
[debug] [2020-12-26T12:19:21.227Z] [worker-pool] submitWork(triggerId=api) {"metadata":{"emulator":{"name":"functions"},"message":"[worker-pool] submitWork(triggerId=api)"}}
[debug] [2020-12-26T12:19:21.227Z] [worker-api-2a802cf2-d57f-4d39-aaae-2f1f1cbaad08]: Assigning socketPath: \\?\pipe\C:\Users\shiva\Desktop\eshoppers\functions\11584 {"metadata":{"emulator":{"name":"functions"},"message":"[worker-api-2a802cf2-d57f-4d39-aaae-2f1f1cbaad08]: Assigning socketPath: \\\\?\\pipe\\C:\\Users\\shiva\\Desktop\\eshoppers\\functions\\11584"}}
[debug] [2020-12-26T12:19:21.227Z] [worker-api-2a802cf2-d57f-4d39-aaae-2f1f1cbaad08]: BUSY {"metadata":{"emulator":{"name":"functions"},"message":"[worker-api-2a802cf2-d57f-4d39-aaae-2f1f1cbaad08]: BUSY"}}
[debug] [2020-12-26T12:19:21.228Z] [runtime-status] [11584] Trigger "api" has been found, beginning invocation! {"metadata":{"emulator":{"name":"functions"},"function":{"name":"api"},"message":"[runtime-status] [11584] Trigger \"api\" has been found, beginning invocation!"}}
[info] i  functions: Beginning execution of "api" {"metadata":{"emulator":{"name":"functions"},"function":{"name":"api"},"message":"Beginning execution of \"api\""}}
[debug] [2020-12-26T12:19:21.318Z] [runtime-status] [11584] triggerDefinition {"httpsTrigger":{},"name":"api","entryPoint":"api"} {"metadata":{"emulator":{"name":"functions"},"function":{"name":"api"},"message":"[runtime-status] [11584] triggerDefinition {\"httpsTrigger\":{},\"name\":\"api\",\"entryPoint\":\"api\"}"}}
[debug] [2020-12-26T12:19:21.319Z] [runtime-status] [11584] Running api in mode HTTPS {"metadata":{"emulator":{"name":"functions"},"function":{"name":"api"},"message":"[runtime-status] [11584] Running api in mode HTTPS"}}
[debug] [2020-12-26T12:19:21.319Z] [runtime-status] [11584] Attempting to listen to socketPath: \\?\pipe\C:\Users\shiva\Desktop\eshoppers\functions\11584 {"metadata":{"emulator":{"name":"functions"},"function":{"name":"api"},"message":"[runtime-status] [11584] Attempting to listen to socketPath: \\\\?\\pipe\\C:\\Users\\shiva\\Desktop\\eshoppers\\functions\\11584"}}
[debug] [2020-12-26T12:19:21.380Z] [functions] Runtime ready! Sending request! {"metadata":{"emulator":{"name":"functions"},"message":"[functions] Runtime ready! Sending request!"}}
[debug] [2020-12-26T12:19:21.417Z] [runtime-status] [11584] Ephemeral server handling POST request {"metadata":{"emulator":{"name":"functions"},"function":{"name":"api"},"message":"[runtime-status] [11584] Ephemeral server handling POST request"}}
[debug] [2020-12-26T12:19:21.445Z] [runtime-status] [11584] Ephemeral server survived. {"metadata":{"emulator":{"name":"functions"},"function":{"name":"api"},"message":"[runtime-status] [11584] Ephemeral server survived."}}
[info] >  Payment Request Recieved BOOM!!! for this amount >>>  0 {"user":"Payment Request Recieved BOOM!!! for this amount >>>  0","metadata":{"emulator":{"name":"functions"},"function":{"name":"api"},"message":"\u001b[90m> \u001b[39m Payment Request Recieved BOOM!!! for this amount >>>  0"}}
[info] >  (node:11584) UnhandledPromiseRejectionWarning: Error: This value must be greater than or equal to 1. {"user":"(node:11584) UnhandledPromiseRejectionWarning: Error: This value must be greater than or equal to 1.","metadata":{"emulator":{"name":"functions"},"function":{"name":"api"},"message":"\u001b[90m> \u001b[39m (node:11584) UnhandledPromiseRejectionWarning: Error: This value must be greater than or equal to 1."}}
[info] >      at Function.generate (C:\Users\shiva\Desktop\eshoppers\functions\node_modules\stripe\lib\Error.js:40:16) {"user":"    at Function.generate (C:\\Users\\shiva\\Desktop\\eshoppers\\functions\\node_modules\\stripe\\lib\\Error.js:40:16)","metadata":{"emulator":{"name":"functions"},"function":{"name":"api"},"message":"\u001b[90m> \u001b[39m     at Function.generate (C:\\Users\\shiva\\Desktop\\eshoppers\\functions\\node_modules\\stripe\\lib\\Error.js:40:16)"}}
[info] >      at IncomingMessage.<anonymous> (C:\Users\shiva\Desktop\eshoppers\functions\node_modules\stripe\lib\StripeResource.js:190:33) {"user":"    at IncomingMessage.<anonymous> (C:\\Users\\shiva\\Desktop\\eshoppers\\functions\\node_modules\\stripe\\lib\\StripeResource.js:190:33)","metadata":{"emulator":{"name":"functions"},"function":{"name":"api"},"message":"\u001b[90m> \u001b[39m     at IncomingMessage.<anonymous> (C:\\Users\\shiva\\Desktop\\eshoppers\\functions\\node_modules\\stripe\\lib\\StripeResource.js:190:33)"}}
[info] >      at Object.onceWrapper (events.js:421:28) {"user":"    at Object.onceWrapper (events.js:421:28)","metadata":{"emulator":{"name":"functions"},"function":{"name":"api"},"message":"\u001b[90m> \u001b[39m     at Object.onceWrapper (events.js:421:28)"}}
[info] >      at IncomingMessage.emit (events.js:327:22) {"user":"    at IncomingMessage.emit (events.js:327:22)","metadata":{"emulator":{"name":"functions"},"function":{"name":"api"},"message":"\u001b[90m> \u001b[39m     at IncomingMessage.emit (events.js:327:22)"}}
[info] >      at endReadableNT (_stream_readable.js:1327:12) {"user":"    at endReadableNT (_stream_readable.js:1327:12)","metadata":{"emulator":{"name":"functions"},"function":{"name":"api"},"message":"\u001b[90m> \u001b[39m     at endReadableNT (_stream_readable.js:1327:12)"}}
[info] >      at processTicksAndRejections (internal/process/task_queues.js:80:21) {"user":"    at processTicksAndRejections (internal/process/task_queues.js:80:21)","metadata":{"emulator":{"name":"functions"},"function":{"name":"api"},"message":"\u001b[90m> \u001b[39m     at processTicksAndRejections (internal/process/task_queues.js:80:21)"}}
[info] >  (Use `node --trace-warnings ...` to show where the warning was created) {"user":"(Use `node --trace-warnings ...` to show where the warning was created)","metadata":{"emulator":{"name":"functions"},"function":{"name":"api"},"message":"\u001b[90m> \u001b[39m (Use `node --trace-warnings ...` to show where the warning was created)"}}
[info] >  (node:11584) UnhandledPromiseRejectionWarning: Unhandled promise rejection. This error originated either by throwing inside of an async function without a catch block, or by rejecting a promise which was not handled with .catch(). To terminate the node process on unhandled promise rejection, use the CLI flag `--unhandled-rejections=strict` (see https://nodejs.org/api/cli.html#cli_unhandled_rejections_mode). (rejection id: 1) {"user":"(node:11584) UnhandledPromiseRejectionWarning: Unhandled promise rejection. This error originated either by throwing inside of an async function without a catch block, or by rejecting a promise which was not handled with .catch(). To terminate the node process on unhandled promise rejection, use the CLI flag `--unhandled-rejections=strict` (see https://nodejs.org/api/cli.html#cli_unhandled_rejections_mode). (rejection id: 1)","metadata":{"emulator":{"name":"functions"},"function":{"name":"api"},"message":"\u001b[90m> \u001b[39m (node:11584) UnhandledPromiseRejectionWarning: Unhandled promise rejection. This error originated either by throwing inside of an async function without a catch block, or by rejecting a promise which was not handled with .catch(). To terminate the node process on unhandled promise rejection, use the CLI flag `--unhandled-rejections=strict` (see https://nodejs.org/api/cli.html#cli_unhandled_rejections_mode). (rejection id: 1)"}}
[info] >  (node:11584) [DEP0018] DeprecationWarning: Unhandled promise rejections are deprecated. In the future, promise rejections that are not handled will terminate the Node.js process with a non-zero exit code. {"user":"(node:11584) [DEP0018] DeprecationWarning: Unhandled promise rejections are deprecated. In the future, promise rejections that are not handled will terminate the Node.js process with a non-zero exit code.","metadata":{"emulator":{"name":"functions"},"function":{"name":"api"},"message":"\u001b[90m> \u001b[39m (node:11584) [DEP0018] DeprecationWarning: Unhandled promise rejections are deprecated. In the future, promise rejections that are not handled will terminate the Node.js process with a non-zero exit code."}}
[warn] !  functions: Your function timed out after ~60s. To configure this timeout, see
      https://firebase.google.com/docs/functions/manage-functions#set_timeout_and_memory_allocation. {"metadata":{"emulator":{"name":"functions"},"function":{"name":"api"},"message":"Your function timed out after ~60s. To configure this timeout, see\n      https://firebase.google.com/docs/functions/manage-functions#set_timeout_and_memory_allocation."}}
[info] >  C:\Users\shiva\AppData\Roaming\npm\node_modules\firebase-tools\lib\emulator\functionsEmulatorRuntime.js:638 {"user":"C:\\Users\\shiva\\AppData\\Roaming\\npm\\node_modules\\firebase-tools\\lib\\emulator\\functionsEmulatorRuntime.js:638\r","metadata":{"emulator":{"name":"functions"},"function":{"name":"api"},"message":"\u001b[90m> \u001b[39m C:\\Users\\shiva\\AppData\\Roaming\\npm\\node_modules\\firebase-tools\\lib\\emulator\\functionsEmulatorRuntime.js:638\r"}}
[info] >              throw new Error("Function timed out."); {"user":"            throw new Error(\"Function timed out.\");\r","metadata":{"emulator":{"name":"functions"},"function":{"name":"api"},"message":"\u001b[90m> \u001b[39m             throw new Error(\"Function timed out.\");\r"}}
[info] >              ^ {"user":"            ^\r","metadata":{"emulator":{"name":"functions"},"function":{"name":"api"},"message":"\u001b[90m> \u001b[39m             ^\r"}}
[info] >   {"user":"\r","metadata":{"emulator":{"name":"functions"},"function":{"name":"api"},"message":"\u001b[90m> \u001b[39m \r"}}
[info] >  Error: Function timed out. {"user":"Error: Function timed out.\r","metadata":{"emulator":{"name":"functions"},"function":{"name":"api"},"message":"\u001b[90m> \u001b[39m Error: Function timed out.\r"}}
[info] >      at Timeout._onTimeout (C:\Users\shiva\AppData\Roaming\npm\node_modules\firebase-tools\lib\emulator\functionsEmulatorRuntime.js:638:19) {"user":"    at Timeout._onTimeout (C:\\Users\\shiva\\AppData\\Roaming\\npm\\node_modules\\firebase-tools\\lib\\emulator\\functionsEmulatorRuntime.js:638:19)\r","metadata":{"emulator":{"name":"functions"},"function":{"name":"api"},"message":"\u001b[90m> \u001b[39m     at Timeout._onTimeout (C:\\Users\\shiva\\AppData\\Roaming\\npm\\node_modules\\firebase-tools\\lib\\emulator\\functionsEmulatorRuntime.js:638:19)\r"}}
[info] >      at listOnTimeout (internal/timers.js:554:17) {"user":"    at listOnTimeout (internal/timers.js:554:17)\r","metadata":{"emulator":{"name":"functions"},"function":{"name":"api"},"message":"\u001b[90m> \u001b[39m     at listOnTimeout (internal/timers.js:554:17)\r"}}
[info] >      at processTimers (internal/timers.js:497:7) {"user":"    at processTimers (internal/timers.js:497:7)\r","metadata":{"emulator":{"name":"functions"},"function":{"name":"api"},"message":"\u001b[90m> \u001b[39m     at processTimers (internal/timers.js:497:7)\r"}}
[debug] [2020-12-26T12:20:21.534Z] [worker-api-2a802cf2-d57f-4d39-aaae-2f1f1cbaad08]: exited {"metadata":{"emulator":{"name":"functions"},"message":"[worker-api-2a802cf2-d57f-4d39-aaae-2f1f1cbaad08]: exited"}}
[debug] [2020-12-26T12:20:21.534Z] [worker-api-2a802cf2-d57f-4d39-aaae-2f1f1cbaad08]: FINISHED {"metadata":{"emulator":{"name":"functions"},"message":"[worker-api-2a802cf2-d57f-4d39-aaae-2f1f1cbaad08]: FINISHED"}}
[debug] [2020-12-26T12:20:21.583Z] [work-queue] {"queueLength":0,"workRunningCount":0}
[debug] [2020-12-26T13:23:34.452Z] [work-queue] {"queueLength":1,"workRunningCount":0}
[debug] [2020-12-26T13:23:34.455Z] [work-queue] {"queueLength":0,"workRunningCount":1}
[debug] [2020-12-26T13:23:34.456Z] Accepted request POST /ecommerce-webapplication-d2a66/us-central1/api/payments/create?total=4300000 --> api
[debug] [2020-12-26T13:23:34.457Z] [worker-pool] Cleaned up workers for api: 2 --> 1 {"metadata":{"emulator":{"name":"functions"},"message":"[worker-pool] Cleaned up workers for api: 2 --> 1"}}
[debug] [2020-12-26T13:23:34.458Z] [worker-pool] submitWork(triggerId=api) {"metadata":{"emulator":{"name":"functions"},"message":"[worker-pool] submitWork(triggerId=api)"}}
[debug] [2020-12-26T13:23:34.458Z] [worker-api-ae845d36-329f-4352-a5d8-80240cd71410]: Assigning socketPath: \\?\pipe\C:\Users\shiva\Desktop\eshoppers\functions\6052 {"metadata":{"emulator":{"name":"functions"},"message":"[worker-api-ae845d36-329f-4352-a5d8-80240cd71410]: Assigning socketPath: \\\\?\\pipe\\C:\\Users\\shiva\\Desktop\\eshoppers\\functions\\6052"}}
[debug] [2020-12-26T13:23:34.459Z] [worker-api-ae845d36-329f-4352-a5d8-80240cd71410]: BUSY {"metadata":{"emulator":{"name":"functions"},"message":"[worker-api-ae845d36-329f-4352-a5d8-80240cd71410]: BUSY"}}
[debug] [2020-12-26T13:23:34.492Z] [runtime-status] [6052] Trigger "api" has been found, beginning invocation! {"metadata":{"emulator":{"name":"functions"},"function":{"name":"api"},"message":"[runtime-status] [6052] Trigger \"api\" has been found, beginning invocation!"}}
[info] i  functions: Beginning execution of "api" {"metadata":{"emulator":{"name":"functions"},"function":{"name":"api"},"message":"Beginning execution of \"api\""}}
[debug] [2020-12-26T13:23:34.496Z] [runtime-status] [6052] triggerDefinition {"httpsTrigger":{},"name":"api","entryPoint":"api"} {"metadata":{"emulator":{"name":"functions"},"function":{"name":"api"},"message":"[runtime-status] [6052] triggerDefinition {\"httpsTrigger\":{},\"name\":\"api\",\"entryPoint\":\"api\"}"}}
[debug] [2020-12-26T13:23:34.497Z] [runtime-status] [6052] Running api in mode HTTPS {"metadata":{"emulator":{"name":"functions"},"function":{"name":"api"},"message":"[runtime-status] [6052] Running api in mode HTTPS"}}
[debug] [2020-12-26T13:23:34.500Z] [runtime-status] [6052] Attempting to listen to socketPath: \\?\pipe\C:\Users\shiva\Desktop\eshoppers\functions\6052 {"metadata":{"emulator":{"name":"functions"},"function":{"name":"api"},"message":"[runtime-status] [6052] Attempting to listen to socketPath: \\\\?\\pipe\\C:\\Users\\shiva\\Desktop\\eshoppers\\functions\\6052"}}
[debug] [2020-12-26T13:23:34.583Z] [functions] Runtime ready! Sending request! {"metadata":{"emulator":{"name":"functions"},"message":"[functions] Runtime ready! Sending request!"}}
[debug] [2020-12-26T13:23:34.693Z] [runtime-status] [6052] Ephemeral server handling POST request {"metadata":{"emulator":{"name":"functions"},"function":{"name":"api"},"message":"[runtime-status] [6052] Ephemeral server handling POST request"}}
[info] >  Payment Request Recieved BOOM!!! for this amount >>>  4300000 {"user":"Payment Request Recieved BOOM!!! for this amount >>>  4300000","metadata":{"emulator":{"name":"functions"},"function":{"name":"api"},"message":"\u001b[90m> \u001b[39m Payment Request Recieved BOOM!!! for this amount >>>  4300000"}}
[debug] [2020-12-26T13:23:34.701Z] [runtime-status] [6052] Ephemeral server survived. {"metadata":{"emulator":{"name":"functions"},"function":{"name":"api"},"message":"[runtime-status] [6052] Ephemeral server survived."}}
[info] i  functions: Finished "api" in ~1s {"metadata":{"emulator":{"name":"functions"},"function":{"name":"api"},"message":"Finished \"api\" in ~1s"}}
[debug] [2020-12-26T13:23:35.285Z] [worker-api-ae845d36-329f-4352-a5d8-80240cd71410]: IDLE {"metadata":{"emulator":{"name":"functions"},"message":"[worker-api-ae845d36-329f-4352-a5d8-80240cd71410]: IDLE"}}
[debug] [2020-12-26T13:23:35.286Z] [work-queue] {"queueLength":0,"workRunningCount":0}
[debug] [2020-12-26T13:23:50.922Z] [work-queue] {"queueLength":1,"workRunningCount":0}
[debug] [2020-12-26T13:23:50.922Z] [work-queue] {"queueLength":0,"workRunningCount":1}
[debug] [2020-12-26T13:23:50.923Z] Accepted request POST /ecommerce-webapplication-d2a66/us-central1/api/payments/create?total=0 --> api
[debug] [2020-12-26T13:23:50.923Z] [worker-pool] submitWork(triggerId=api) {"metadata":{"emulator":{"name":"functions"},"message":"[worker-pool] submitWork(triggerId=api)"}}
[debug] [2020-12-26T13:23:50.924Z] [worker-api-ae845d36-329f-4352-a5d8-80240cd71410]: Assigning socketPath: \\?\pipe\C:\Users\shiva\Desktop\eshoppers\functions\6052 {"metadata":{"emulator":{"name":"functions"},"message":"[worker-api-ae845d36-329f-4352-a5d8-80240cd71410]: Assigning socketPath: \\\\?\\pipe\\C:\\Users\\shiva\\Desktop\\eshoppers\\functions\\6052"}}
[debug] [2020-12-26T13:23:50.925Z] [worker-api-ae845d36-329f-4352-a5d8-80240cd71410]: BUSY {"metadata":{"emulator":{"name":"functions"},"message":"[worker-api-ae845d36-329f-4352-a5d8-80240cd71410]: BUSY"}}
[debug] [2020-12-26T13:23:50.927Z] [runtime-status] [6052] Trigger "api" has been found, beginning invocation! {"metadata":{"emulator":{"name":"functions"},"function":{"name":"api"},"message":"[runtime-status] [6052] Trigger \"api\" has been found, beginning invocation!"}}
[info] i  functions: Beginning execution of "api" {"metadata":{"emulator":{"name":"functions"},"function":{"name":"api"},"message":"Beginning execution of \"api\""}}
[debug] [2020-12-26T13:23:51.086Z] [runtime-status] [6052] triggerDefinition {"httpsTrigger":{},"name":"api","entryPoint":"api"} {"metadata":{"emulator":{"name":"functions"},"function":{"name":"api"},"message":"[runtime-status] [6052] triggerDefinition {\"httpsTrigger\":{},\"name\":\"api\",\"entryPoint\":\"api\"}"}}
[debug] [2020-12-26T13:23:51.086Z] [runtime-status] [6052] Running api in mode HTTPS {"metadata":{"emulator":{"name":"functions"},"function":{"name":"api"},"message":"[runtime-status] [6052] Running api in mode HTTPS"}}
[debug] [2020-12-26T13:23:51.086Z] [runtime-status] [6052] Attempting to listen to socketPath: \\?\pipe\C:\Users\shiva\Desktop\eshoppers\functions\6052 {"metadata":{"emulator":{"name":"functions"},"function":{"name":"api"},"message":"[runtime-status] [6052] Attempting to listen to socketPath: \\\\?\\pipe\\C:\\Users\\shiva\\Desktop\\eshoppers\\functions\\6052"}}
[debug] [2020-12-26T13:23:51.113Z] [functions] Runtime ready! Sending request! {"metadata":{"emulator":{"name":"functions"},"message":"[functions] Runtime ready! Sending request!"}}
[debug] [2020-12-26T13:23:51.121Z] [runtime-status] [6052] Ephemeral server handling POST request {"metadata":{"emulator":{"name":"functions"},"function":{"name":"api"},"message":"[runtime-status] [6052] Ephemeral server handling POST request"}}
[info] >  Payment Request Recieved BOOM!!! for this amount >>>  0 {"user":"Payment Request Recieved BOOM!!! for this amount >>>  0","metadata":{"emulator":{"name":"functions"},"function":{"name":"api"},"message":"\u001b[90m> \u001b[39m Payment Request Recieved BOOM!!! for this amount >>>  0"}}
[debug] [2020-12-26T13:23:51.124Z] [runtime-status] [6052] Ephemeral server survived. {"metadata":{"emulator":{"name":"functions"},"function":{"name":"api"},"message":"[runtime-status] [6052] Ephemeral server survived."}}
[info] >  (node:6052) UnhandledPromiseRejectionWarning: Error: This value must be greater than or equal to 1. {"user":"(node:6052) UnhandledPromiseRejectionWarning: Error: This value must be greater than or equal to 1.","metadata":{"emulator":{"name":"functions"},"function":{"name":"api"},"message":"\u001b[90m> \u001b[39m (node:6052) UnhandledPromiseRejectionWarning: Error: This value must be greater than or equal to 1."}}
[info] >      at Function.generate (C:\Users\shiva\Desktop\eshoppers\functions\node_modules\stripe\lib\Error.js:40:16) {"user":"    at Function.generate (C:\\Users\\shiva\\Desktop\\eshoppers\\functions\\node_modules\\stripe\\lib\\Error.js:40:16)","metadata":{"emulator":{"name":"functions"},"function":{"name":"api"},"message":"\u001b[90m> \u001b[39m     at Function.generate (C:\\Users\\shiva\\Desktop\\eshoppers\\functions\\node_modules\\stripe\\lib\\Error.js:40:16)"}}
[info] >      at IncomingMessage.<anonymous> (C:\Users\shiva\Desktop\eshoppers\functions\node_modules\stripe\lib\StripeResource.js:190:33) {"user":"    at IncomingMessage.<anonymous> (C:\\Users\\shiva\\Desktop\\eshoppers\\functions\\node_modules\\stripe\\lib\\StripeResource.js:190:33)","metadata":{"emulator":{"name":"functions"},"function":{"name":"api"},"message":"\u001b[90m> \u001b[39m     at IncomingMessage.<anonymous> (C:\\Users\\shiva\\Desktop\\eshoppers\\functions\\node_modules\\stripe\\lib\\StripeResource.js:190:33)"}}
[info] >      at Object.onceWrapper (events.js:421:28) {"user":"    at Object.onceWrapper (events.js:421:28)","metadata":{"emulator":{"name":"functions"},"function":{"name":"api"},"message":"\u001b[90m> \u001b[39m     at Object.onceWrapper (events.js:421:28)"}}
[info] >      at IncomingMessage.emit (events.js:327:22) {"user":"    at IncomingMessage.emit (events.js:327:22)","metadata":{"emulator":{"name":"functions"},"function":{"name":"api"},"message":"\u001b[90m> \u001b[39m     at IncomingMessage.emit (events.js:327:22)"}}
[info] >      at endReadableNT (_stream_readable.js:1327:12) {"user":"    at endReadableNT (_stream_readable.js:1327:12)","metadata":{"emulator":{"name":"functions"},"function":{"name":"api"},"message":"\u001b[90m> \u001b[39m     at endReadableNT (_stream_readable.js:1327:12)"}}
[info] >      at processTicksAndRejections (internal/process/task_queues.js:80:21) {"user":"    at processTicksAndRejections (internal/process/task_queues.js:80:21)","metadata":{"emulator":{"name":"functions"},"function":{"name":"api"},"message":"\u001b[90m> \u001b[39m     at processTicksAndRejections (internal/process/task_queues.js:80:21)"}}
[info] >  (Use `node --trace-warnings ...` to show where the warning was created) {"user":"(Use `node --trace-warnings ...` to show where the warning was created)","metadata":{"emulator":{"name":"functions"},"function":{"name":"api"},"message":"\u001b[90m> \u001b[39m (Use `node --trace-warnings ...` to show where the warning was created)"}}
[info] >  (node:6052) UnhandledPromiseRejectionWarning: Unhandled promise rejection. This error originated either by throwing inside of an async function without a catch block, or by rejecting a promise which was not handled with .catch(). To terminate the node process on unhandled promise rejection, use the CLI flag `--unhandled-rejections=strict` (see https://nodejs.org/api/cli.html#cli_unhandled_rejections_mode). (rejection id: 1) {"user":"(node:6052) UnhandledPromiseRejectionWarning: Unhandled promise rejection. This error originated either by throwing inside of an async function without a catch block, or by rejecting a promise which was not handled with .catch(). To terminate the node process on unhandled promise rejection, use the CLI flag `--unhandled-rejections=strict` (see https://nodejs.org/api/cli.html#cli_unhandled_rejections_mode). (rejection id: 1)","metadata":{"emulator":{"name":"functions"},"function":{"name":"api"},"message":"\u001b[90m> \u001b[39m (node:6052) UnhandledPromiseRejectionWarning: Unhandled promise rejection. This error originated either by throwing inside of an async function without a catch block, or by rejecting a promise which was not handled with .catch(). To terminate the node process on unhandled promise rejection, use the CLI flag `--unhandled-rejections=strict` (see https://nodejs.org/api/cli.html#cli_unhandled_rejections_mode). (rejection id: 1)"}}
[info] >  (node:6052) [DEP0018] DeprecationWarning: Unhandled promise rejections are deprecated. In the future, promise rejections that are not handled will terminate the Node.js process with a non-zero exit code. {"user":"(node:6052) [DEP0018] DeprecationWarning: Unhandled promise rejections are deprecated. In the future, promise rejections that are not handled will terminate the Node.js process with a non-zero exit code.","metadata":{"emulator":{"name":"functions"},"function":{"name":"api"},"message":"\u001b[90m> \u001b[39m (node:6052) [DEP0018] DeprecationWarning: Unhandled promise rejections are deprecated. In the future, promise rejections that are not handled will terminate the Node.js process with a non-zero exit code."}}
[warn] !  functions: Your function timed out after ~60s. To configure this timeout, see
      https://firebase.google.com/docs/functions/manage-functions#set_timeout_and_memory_allocation. {"metadata":{"emulator":{"name":"functions"},"function":{"name":"api"},"message":"Your function timed out after ~60s. To configure this timeout, see\n      https://firebase.google.com/docs/functions/manage-functions#set_timeout_and_memory_allocation."}}
[info] >  C:\Users\shiva\AppData\Roaming\npm\node_modules\firebase-tools\lib\emulator\functionsEmulatorRuntime.js:638 {"user":"C:\\Users\\shiva\\AppData\\Roaming\\npm\\node_modules\\firebase-tools\\lib\\emulator\\functionsEmulatorRuntime.js:638\r","metadata":{"emulator":{"name":"functions"},"function":{"name":"api"},"message":"\u001b[90m> \u001b[39m C:\\Users\\shiva\\AppData\\Roaming\\npm\\node_modules\\firebase-tools\\lib\\emulator\\functionsEmulatorRuntime.js:638\r"}}
[info] >              throw new Error("Function timed out."); {"user":"            throw new Error(\"Function timed out.\");\r","metadata":{"emulator":{"name":"functions"},"function":{"name":"api"},"message":"\u001b[90m> \u001b[39m             throw new Error(\"Function timed out.\");\r"}}
[info] >              ^ {"user":"            ^\r","metadata":{"emulator":{"name":"functions"},"function":{"name":"api"},"message":"\u001b[90m> \u001b[39m             ^\r"}}
[info] >   {"user":"\r","metadata":{"emulator":{"name":"functions"},"function":{"name":"api"},"message":"\u001b[90m> \u001b[39m \r"}}
[info] >  Error: Function timed out. {"user":"Error: Function timed out.\r","metadata":{"emulator":{"name":"functions"},"function":{"name":"api"},"message":"\u001b[90m> \u001b[39m Error: Function timed out.\r"}}
[info] >      at Timeout._onTimeout (C:\Users\shiva\AppData\Roaming\npm\node_modules\firebase-tools\lib\emulator\functionsEmulatorRuntime.js:638:19) {"user":"    at Timeout._onTimeout (C:\\Users\\shiva\\AppData\\Roaming\\npm\\node_modules\\firebase-tools\\lib\\emulator\\functionsEmulatorRuntime.js:638:19)\r","metadata":{"emulator":{"name":"functions"},"function":{"name":"api"},"message":"\u001b[90m> \u001b[39m     at Timeout._onTimeout (C:\\Users\\shiva\\AppData\\Roaming\\npm\\node_modules\\firebase-tools\\lib\\emulator\\functionsEmulatorRuntime.js:638:19)\r"}}
[info] >      at listOnTimeout (internal/timers.js:554:17) {"user":"    at listOnTimeout (internal/timers.js:554:17)\r","metadata":{"emulator":{"name":"functions"},"function":{"name":"api"},"message":"\u001b[90m> \u001b[39m     at listOnTimeout (internal/timers.js:554:17)\r"}}
[info] >      at processTimers (internal/timers.js:497:7) {"user":"    at processTimers (internal/timers.js:497:7)\r","metadata":{"emulator":{"name":"functions"},"function":{"name":"api"},"message":"\u001b[90m> \u001b[39m     at processTimers (internal/timers.js:497:7)\r"}}
[debug] [2020-12-26T13:24:51.117Z] [worker-api-ae845d36-329f-4352-a5d8-80240cd71410]: exited {"metadata":{"emulator":{"name":"functions"},"message":"[worker-api-ae845d36-329f-4352-a5d8-80240cd71410]: exited"}}
[debug] [2020-12-26T13:24:51.117Z] [worker-api-ae845d36-329f-4352-a5d8-80240cd71410]: FINISHED {"metadata":{"emulator":{"name":"functions"},"message":"[worker-api-ae845d36-329f-4352-a5d8-80240cd71410]: FINISHED"}}
[debug] [2020-12-26T13:24:51.117Z] [work-queue] {"queueLength":0,"workRunningCount":0}
